<?xml version="1.0" encoding="UTF-8"?>
<testng-results skipped="0" failed="0" ignored="0" total="1" passed="1">
  <reporter-output>
  </reporter-output>
  <suite name="Default suite" duration-ms="35928" started-at="2020-06-03T13:36:31Z" finished-at="2020-06-03T13:37:07Z">
    <groups>
    </groups>
    <test name="Default test" duration-ms="35928" started-at="2020-06-03T13:36:31Z" finished-at="2020-06-03T13:37:07Z">
      <class name="com.sample.BPPLTest3">
        <test-method status="PASS" signature="test()[pri:0, instance:com.sample.BPPLTest3@1677d1]" name="test" duration-ms="35896" started-at="2020-06-03T14:36:31Z" finished-at="2020-06-03T14:37:07Z">
          <reporter-output>
          </reporter-output>
        </test-method> <!-- test -->
      </class> <!-- com.sample.BPPLTest3 -->
    </test> <!-- Default test -->
  </suite> <!-- Default suite -->
</testng-results>
